\BOOKMARK [0][]{chapter.1}{Combinatorial Analysis}{}% 1
\BOOKMARK [1][]{section.1.1}{Introduction}{chapter.1}% 2
\BOOKMARK [1][]{section.1.2}{The Basic Principle of Counting}{chapter.1}% 3
\BOOKMARK [1][]{section.1.3}{Permutations}{chapter.1}% 4
\BOOKMARK [1][]{section.1.4}{Combinations}{chapter.1}% 5
\BOOKMARK [2][]{subsection.1.4.1}{The Binomial Theorem}{section.1.4}% 6
\BOOKMARK [1][]{section.1.5}{Multinomial Coefficients}{chapter.1}% 7
\BOOKMARK [2][]{subsection.1.5.1}{The Multinomial Theorem}{section.1.5}% 8
\BOOKMARK [1][]{section.1.6}{The Number of Integer Solutions of Equations}{chapter.1}% 9
\BOOKMARK [0][]{chapter.2}{Axioms of Probability}{}% 10
\BOOKMARK [1][]{section.2.1}{Introduction}{chapter.2}% 11
\BOOKMARK [1][]{section.2.2}{Sample Space and Events}{chapter.2}% 12
\BOOKMARK [1][]{section.2.3}{Axioms of Probability}{chapter.2}% 13
\BOOKMARK [2][]{subsection.2.3.1}{Relative Frequency Definition of Probability}{section.2.3}% 14
\BOOKMARK [2][]{subsection.2.3.2}{The Three Axioms of Probability}{section.2.3}% 15
\BOOKMARK [1][]{section.2.4}{Some Simple Propositions}{chapter.2}% 16
\BOOKMARK [1][]{section.2.5}{Sample Spaces Having Equally Likely Outcomes}{chapter.2}% 17
\BOOKMARK [1][]{section.2.6}{Probability as a Continuous Set Function}{chapter.2}% 18
\BOOKMARK [1][]{section.2.7}{Probability as a Measure of Belief}{chapter.2}% 19
\BOOKMARK [0][]{chapter.3}{Conditional Probability and Independence}{}% 20
\BOOKMARK [1][]{section.3.1}{Introduction}{chapter.3}% 21
\BOOKMARK [1][]{section.3.2}{Conditional Probabilities}{chapter.3}% 22
\BOOKMARK [1][]{section.3.3}{Bayes's Formula}{chapter.3}% 23
\BOOKMARK [2][]{subsection.3.3.1}{Odds}{section.3.3}% 24
\BOOKMARK [2][]{subsection.3.3.2}{Law of Total Probability}{section.3.3}% 25
\BOOKMARK [2][]{subsection.3.3.3}{Bayes' Formula}{section.3.3}% 26
\BOOKMARK [1][]{section.3.4}{Independent Events}{chapter.3}% 27
\BOOKMARK [1][]{section.3.5}{P\(|F\) is a Probability}{chapter.3}% 28
\BOOKMARK [0][]{chapter.4}{Random Variables}{}% 29
\BOOKMARK [1][]{section.4.1}{Random Variables}{chapter.4}% 30
\BOOKMARK [1][]{section.4.2}{Discrete Random Variables}{chapter.4}% 31
\BOOKMARK [1][]{section.4.3}{Expected Value}{chapter.4}% 32
\BOOKMARK [1][]{section.4.4}{Expectation of a Function of a Random Variable}{chapter.4}% 33
\BOOKMARK [1][]{section.4.5}{Variance}{chapter.4}% 34
\BOOKMARK [1][]{section.4.6}{The Bernoulli and Binomial Random Variables}{chapter.4}% 35
\BOOKMARK [2][]{subsection.4.6.1}{Properties of Binomial Random Variables}{section.4.6}% 36
\BOOKMARK [2][]{subsection.4.6.2}{Computing the Binomial Distribution Function}{section.4.6}% 37
\BOOKMARK [1][]{section.4.7}{The Poisson Random Variable}{chapter.4}% 38
\BOOKMARK [2][]{subsection.4.7.1}{Computing the Poisson Distribution Function}{section.4.7}% 39
\BOOKMARK [1][]{section.4.8}{Other Discrete Probability Distributions}{chapter.4}% 40
\BOOKMARK [2][]{subsection.4.8.1}{The Geometric Random Variable}{section.4.8}% 41
\BOOKMARK [2][]{subsection.4.8.2}{The Negative Binomial Random Variable}{section.4.8}% 42
\BOOKMARK [2][]{subsection.4.8.3}{The Hypergeometric Random Variable}{section.4.8}% 43
\BOOKMARK [2][]{subsection.4.8.4}{The Zeta \(or Zipf\) Distribution}{section.4.8}% 44
\BOOKMARK [1][]{section.4.9}{Expected Value of Sums of Random Variables}{chapter.4}% 45
\BOOKMARK [1][]{section.4.10}{Properties of the Cumulative Distribution Function}{chapter.4}% 46
\BOOKMARK [0][]{chapter.5}{Continuous Random Variables}{}% 47
\BOOKMARK [1][]{section.5.1}{Introduction}{chapter.5}% 48
\BOOKMARK [1][]{section.5.2}{Expectation and Variance of Continuous Random Variables}{chapter.5}% 49
\BOOKMARK [1][]{section.5.3}{The Uniform Random Variable}{chapter.5}% 50
\BOOKMARK [1][]{section.5.4}{Normal Random Variables}{chapter.5}% 51
\BOOKMARK [2][]{subsection.5.4.1}{The Normal Approximation to the Binomial Distribution}{section.5.4}% 52
\BOOKMARK [1][]{section.5.5}{Exponential Random Variables}{chapter.5}% 53
\BOOKMARK [2][]{subsection.5.5.1}{Hazard Rate Functions}{section.5.5}% 54
\BOOKMARK [1][]{section.5.6}{Other Continuous Distributions}{chapter.5}% 55
\BOOKMARK [2][]{subsection.5.6.1}{The Gamma Distribution}{section.5.6}% 56
\BOOKMARK [2][]{subsection.5.6.2}{The Weibull Distribution}{section.5.6}% 57
\BOOKMARK [2][]{subsection.5.6.3}{The Cauchy Distribution}{section.5.6}% 58
\BOOKMARK [2][]{subsection.5.6.4}{The Beta Distribution}{section.5.6}% 59
\BOOKMARK [1][]{section.5.7}{The Distribution of a Function of a Random Variable}{chapter.5}% 60
\BOOKMARK [0][]{chapter.6}{Jointly Distributed Random Variables}{}% 61
\BOOKMARK [1][]{section.6.1}{Joint Distribution Functions}{chapter.6}% 62
\BOOKMARK [1][]{section.6.2}{Independent Random Variables}{chapter.6}% 63
\BOOKMARK [1][]{section.6.3}{Sums of Independent Random Variables}{chapter.6}% 64
\BOOKMARK [2][]{subsection.6.3.1}{Identically Distributed Uniform Random Variables}{section.6.3}% 65
\BOOKMARK [2][]{subsection.6.3.2}{Gamma Random Variables}{section.6.3}% 66
\BOOKMARK [2][]{subsection.6.3.3}{Normal Random Variables}{section.6.3}% 67
\BOOKMARK [2][]{subsection.6.3.4}{Poisson and Binomial Random Variables}{section.6.3}% 68
\BOOKMARK [2][]{subsection.6.3.5}{Geometric Random Variables}{section.6.3}% 69
\BOOKMARK [1][]{section.6.4}{Conditional Distributions: Discrete Case}{chapter.6}% 70
\BOOKMARK [1][]{section.6.5}{Conditional Distributions: Continuous Case}{chapter.6}% 71
\BOOKMARK [1][]{section.6.6}{Order Statistics}{chapter.6}% 72
